# JRE version: OpenJDK Runtime Environment (8.0_265-b01) (build 1.8.0_265-8u265-b01-0ubuntu2~20.04-b01)
# Java VM: OpenJDK 64-Bit Server VM (25.265-b01 mixed mode linux-amd64 compressed oops)
Heap:
 PSYoungGen      total 162816K, used 5462K [0x00000000f5580000, 0x00000000fff00000, 0x0000000100000000)
  eden space 153088K, 0% used [0x00000000f5580000,0x00000000f5580000,0x00000000feb00000)
  from space 9728K, 56% used [0x00000000ff580000,0x00000000ffad5bb0,0x00000000fff00000)
  to   space 10240K, 0% used [0x00000000feb00000,0x00000000feb00000,0x00000000ff500000)
 ParOldGen       total 349696K, used 342117K [0x00000000e0000000, 0x00000000f5580000, 0x00000000f5580000)
  object space 349696K, 97% used [0x00000000e0000000,0x00000000f4e197a0,0x00000000f5580000)
 Metaspace       used 179189K, capacity 190756K, committed 192536K, reserved 1216512K
  class space    used 22044K, capacity 24098K, committed 24880K, reserved 1048576K
GC Heap History (10 events):
Event: 5768.476 GC heap after
Heap after GC invocations=381 (full 15):
 PSYoungGen      total 161792K, used 4955K [0x00000000f5580000, 0x00000000ffe80000, 0x0000000100000000)
  eden space 150528K, 0% used [0x00000000f5580000,0x00000000f5580000,0x00000000fe880000)
  from space 11264K, 43% used [0x00000000ff380000,0x00000000ff856f28,0x00000000ffe80000)
  to   space 11264K, 0% used [0x00000000fe880000,0x00000000fe880000,0x00000000ff380000)
 ParOldGen       total 349696K, used 326928K [0x00000000e0000000, 0x00000000f5580000, 0x00000000f5580000)
  object space 349696K, 93% used [0x00000000e0000000,0x00000000f3f443d8,0x00000000f5580000)
 Metaspace       used 179174K, capacity 190688K, committed 192536K, reserved 1216512K
  class space    used 22044K, capacity 24098K, committed 24880K, reserved 1048576K
}
Event: 5768.665 GC heap before
{Heap before GC invocations=382 (full 15):
 PSYoungGen      total 161792K, used 155483K [0x00000000f5580000, 0x00000000ffe80000, 0x0000000100000000)
  eden space 150528K, 100% used [0x00000000f5580000,0x00000000fe880000,0x00000000fe880000)
  from space 11264K, 43% used [0x00000000ff380000,0x00000000ff856f28,0x00000000ffe80000)
  to   space 11264K, 0% used [0x00000000fe880000,0x00000000fe880000,0x00000000ff380000)
 ParOldGen       total 349696K, used 326928K [0x00000000e0000000, 0x00000000f5580000, 0x00000000f5580000)
  object space 349696K, 93% used [0x00000000e0000000,0x00000000f3f443d8,0x00000000f5580000)
 Metaspace       used 179179K, capacity 190756K, committed 192536K, reserved 1216512K
  class space    used 22044K, capacity 24098K, committed 24880K, reserved 1048576K
Event: 5768.684 GC heap after
Heap after GC invocations=382 (full 15):
 PSYoungGen      total 161792K, used 6537K [0x00000000f5580000, 0x0000000100000000, 0x0000000100000000)
  eden space 150528K, 0% used [0x00000000f5580000,0x00000000f5580000,0x00000000fe880000)
  from space 11264K, 58% used [0x00000000fe880000,0x00000000feee2550,0x00000000ff380000)
  to   space 11264K, 0% used [0x00000000ff500000,0x00000000ff500000,0x0000000100000000)
 ParOldGen       total 349696K, used 330073K [0x00000000e0000000, 0x00000000f5580000, 0x00000000f5580000)
  object space 349696K, 94% used [0x00000000e0000000,0x00000000f42565e0,0x00000000f5580000)
 Metaspace       used 179179K, capacity 190756K, committed 192536K, reserved 1216512K
  class space    used 22044K, capacity 24098K, committed 24880K, reserved 1048576K
}
Event: 5768.873 GC heap before
{Heap before GC invocations=383 (full 15):
 PSYoungGen      total 161792K, used 157065K [0x00000000f5580000, 0x0000000100000000, 0x0000000100000000)
  eden space 150528K, 100% used [0x00000000f5580000,0x00000000fe880000,0x00000000fe880000)
  from space 11264K, 58% used [0x00000000fe880000,0x00000000feee2550,0x00000000ff380000)
  to   space 11264K, 0% used [0x00000000ff500000,0x00000000ff500000,0x0000000100000000)
 ParOldGen       total 349696K, used 330073K [0x00000000e0000000, 0x00000000f5580000, 0x00000000f5580000)
  object space 349696K, 94% used [0x00000000e0000000,0x00000000f42565e0,0x00000000f5580000)
 Metaspace       used 179181K, capacity 190756K, committed 192536K, reserved 1216512K
  class space    used 22044K, capacity 24098K, committed 24880K, reserved 1048576K
Event: 5768.890 GC heap after
Heap after GC invocations=383 (full 15):
 PSYoungGen      total 162304K, used 4699K [0x00000000f5580000, 0x00000000fff00000, 0x0000000100000000)
  eden space 152064K, 0% used [0x00000000f5580000,0x00000000f5580000,0x00000000fea00000)
  from space 10240K, 45% used [0x00000000ff500000,0x00000000ff996c30,0x00000000fff00000)
  to   space 10752K, 0% used [0x00000000fea00000,0x00000000fea00000,0x00000000ff480000)
 ParOldGen       total 349696K, used 334736K [0x00000000e0000000, 0x00000000f5580000, 0x00000000f5580000)
  object space 349696K, 95% used [0x00000000e0000000,0x00000000f46e4290,0x00000000f5580000)
 Metaspace       used 179181K, capacity 190756K, committed 192536K, reserved 1216512K
  class space    used 22044K, capacity 24098K, committed 24880K, reserved 1048576K
}
Event: 5769.094 GC heap before
{Heap before GC invocations=384 (full 15):
 PSYoungGen      total 162304K, used 156763K [0x00000000f5580000, 0x00000000fff00000, 0x0000000100000000)
  eden space 152064K, 100% used [0x00000000f5580000,0x00000000fea00000,0x00000000fea00000)
  from space 10240K, 45% used [0x00000000ff500000,0x00000000ff996c30,0x00000000fff00000)
  to   space 10752K, 0% used [0x00000000fea00000,0x00000000fea00000,0x00000000ff480000)
 ParOldGen       total 349696K, used 334736K [0x00000000e0000000, 0x00000000f5580000, 0x00000000f5580000)
  object space 349696K, 95% used [0x00000000e0000000,0x00000000f46e4290,0x00000000f5580000)
 Metaspace       used 179186K, capacity 190756K, committed 192536K, reserved 1216512K
  class space    used 22044K, capacity 24098K, committed 24880K, reserved 1048576K
Event: 5769.116 GC heap after
Heap after GC invocations=384 (full 15):
 PSYoungGen      total 162816K, used 5965K [0x00000000f5580000, 0x0000000100000000, 0x0000000100000000)
  eden space 152064K, 0% used [0x00000000f5580000,0x00000000f5580000,0x00000000fea00000)
  from space 10752K, 55% used [0x00000000fea00000,0x00000000fefd3408,0x00000000ff480000)
  to   space 10752K, 0% used [0x00000000ff580000,0x00000000ff580000,0x0000000100000000)
 ParOldGen       total 349696K, used 337879K [0x00000000e0000000, 0x00000000f5580000, 0x00000000f5580000)
  object space 349696K, 96% used [0x00000000e0000000,0x00000000f49f5e68,0x00000000f5580000)
 Metaspace       used 179186K, capacity 190756K, committed 192536K, reserved 1216512K
  class space    used 22044K, capacity 24098K, committed 24880K, reserved 1048576K
}
Event: 5769.317 GC heap before
{Heap before GC invocations=385 (full 15):
 PSYoungGen      total 162816K, used 158029K [0x00000000f5580000, 0x0000000100000000, 0x0000000100000000)
  eden space 152064K, 100% used [0x00000000f5580000,0x00000000fea00000,0x00000000fea00000)
  from space 10752K, 55% used [0x00000000fea00000,0x00000000fefd3408,0x00000000ff480000)
  to   space 10752K, 0% used [0x00000000ff580000,0x00000000ff580000,0x0000000100000000)
 ParOldGen       total 349696K, used 337879K [0x00000000e0000000, 0x00000000f5580000, 0x00000000f5580000)
  object space 349696K, 96% used [0x00000000e0000000,0x00000000f49f5e68,0x00000000f5580000)
 Metaspace       used 179189K, capacity 190756K, committed 192536K, reserved 1216512K
  class space    used 22044K, capacity 24098K, committed 24880K, reserved 1048576K
Event: 5769.333 GC heap after
Heap after GC invocations=385 (full 15):
 PSYoungGen      total 162816K, used 5462K [0x00000000f5580000, 0x00000000fff00000, 0x0000000100000000)
  eden space 153088K, 0% used [0x00000000f5580000,0x00000000f5580000,0x00000000feb00000)
  from space 9728K, 56% used [0x00000000ff580000,0x00000000ffad5bb0,0x00000000fff00000)
  to   space 10240K, 0% used [0x00000000feb00000,0x00000000feb00000,0x00000000ff500000)
 ParOldGen       total 349696K, used 342117K [0x00000000e0000000, 0x00000000f5580000, 0x00000000f5580000)
  object space 349696K, 97% used [0x00000000e0000000,0x00000000f4e197a0,0x00000000f5580000)
 Metaspace       used 179189K, capacity 190756K, committed 192536K, reserved 1216512K
  class space    used 22044K, capacity 24098K, committed 24880K, reserved 1048576K
}
Event: 5769.333 GC heap before
{Heap before GC invocations=386 (full 16):
 PSYoungGen      total 162816K, used 5462K [0x00000000f5580000, 0x00000000fff00000, 0x0000000100000000)
  eden space 153088K, 0% used [0x00000000f5580000,0x00000000f5580000,0x00000000feb00000)
  from space 9728K, 56% used [0x00000000ff580000,0x00000000ffad5bb0,0x00000000fff00000)
  to   space 10240K, 0% used [0x00000000feb00000,0x00000000feb00000,0x00000000ff500000)
 ParOldGen       total 349696K, used 342117K [0x00000000e0000000, 0x00000000f5580000, 0x00000000f5580000)
  object space 349696K, 97% used [0x00000000e0000000,0x00000000f4e197a0,0x00000000f5580000)
 Metaspace       used 179189K, capacity 190756K, committed 192536K, reserved 1216512K
  class space    used 22044K, capacity 24098K, committed 24880K, reserved 1048576K

